TN:
SF:config/appSetup.js
FNF:0
FNH:0
DA:1,2
DA:2,2
DA:3,2
DA:4,2
DA:5,2
DA:6,2
DA:7,2
DA:8,2
DA:9,2
DA:12,2
DA:19,2
DA:22,2
DA:23,2
DA:24,2
DA:27,2
DA:28,2
DA:31,2
DA:32,2
DA:33,2
DA:34,2
DA:42,2
DA:43,2
DA:45,2
DA:46,2
DA:48,2
LF:25
LH:25
BRF:0
BRH:0
end_of_record
TN:
SF:controllers/CoursesController.js
FN:9,(anonymous_0)
FN:13,(anonymous_1)
FN:25,(anonymous_2)
FN:31,(anonymous_3)
FN:43,(anonymous_4)
FNF:5
FNH:0
FNDA:0,(anonymous_0)
FNDA:0,(anonymous_1)
FNDA:0,(anonymous_2)
FNDA:0,(anonymous_3)
FNDA:0,(anonymous_4)
DA:1,2
DA:2,2
DA:3,2
DA:4,2
DA:5,2
DA:7,2
DA:9,2
DA:10,0
DA:11,0
DA:12,0
DA:13,0
DA:14,0
DA:15,0
DA:16,0
DA:17,0
DA:18,0
DA:20,0
DA:26,0
DA:27,0
DA:30,0
DA:31,0
DA:32,0
DA:33,0
DA:34,0
DA:35,0
DA:36,0
DA:38,0
DA:44,0
DA:45,0
DA:49,0
DA:53,2
LF:31
LH:8
BRDA:10,0,0,0
BRDA:10,0,1,0
BRDA:11,1,0,0
BRDA:11,1,1,0
BRF:4
BRH:0
end_of_record
TN:
SF:controllers/LoginController.js
FN:8,loginView
FN:13,invalidCredentials
FN:19,(anonymous_2)
FN:37,(anonymous_3)
FN:55,profLoginView
FN:60,invalidProfCredentials
FN:66,(anonymous_6)
FN:84,(anonymous_7)
FNF:8
FNH:3
FNDA:1,loginView
FNDA:1,invalidCredentials
FNDA:0,(anonymous_2)
FNDA:0,(anonymous_3)
FNDA:0,profLoginView
FNDA:1,invalidProfCredentials
FNDA:0,(anonymous_6)
FNDA:0,(anonymous_7)
DA:1,2
DA:2,2
DA:3,2
DA:4,2
DA:5,2
DA:9,1
DA:10,1
DA:14,1
DA:15,1
DA:19,2
DA:20,0
DA:21,0
DA:22,0
DA:23,0
DA:26,0
DA:27,0
DA:29,0
DA:32,0
DA:33,0
DA:37,0
DA:38,0
DA:39,0
DA:40,0
DA:41,0
DA:44,0
DA:46,0
DA:49,0
DA:50,0
DA:56,0
DA:57,0
DA:61,1
DA:62,1
DA:66,2
DA:67,0
DA:68,0
DA:69,0
DA:70,0
DA:73,0
DA:74,0
DA:76,0
DA:79,0
DA:80,0
DA:84,0
DA:85,0
DA:86,0
DA:87,0
DA:88,0
DA:89,0
DA:92,0
DA:94,0
DA:97,0
DA:98,0
DA:102,2
LF:53
LH:14
BRDA:22,0,0,0
BRDA:22,0,1,0
BRDA:32,1,0,0
BRDA:32,1,1,0
BRDA:38,2,0,0
BRDA:38,2,1,0
BRDA:69,3,0,0
BRDA:69,3,1,0
BRDA:79,4,0,0
BRDA:79,4,1,0
BRDA:85,5,0,0
BRDA:85,5,1,0
BRF:12
BRH:0
end_of_record
TN:
SF:models/ClassModel.js
FN:21,findStudentClasses
FN:25,findProfClasses
FNF:2
FNH:2
FNDA:1,findStudentClasses
FNDA:1,findProfClasses
DA:1,3
DA:4,3
DA:19,3
DA:22,1
DA:26,1
DA:29,3
LF:6
LH:6
BRF:0
BRH:0
end_of_record
TN:
SF:models/PointModel.js
FN:16,addPoints
FNF:1
FNH:1
FNDA:1,addPoints
DA:1,3
DA:4,3
DA:14,3
DA:17,1
DA:19,0
DA:20,0
DA:21,0
DA:24,0
DA:26,0
DA:29,3
LF:10
LH:5
BRDA:19,0,0,0
BRDA:19,0,1,0
BRF:2
BRH:0
end_of_record
TN:
SF:models/ProfessorModel.js
FNF:0
FNH:0
DA:1,2
DA:4,2
DA:18,2
DA:20,2
LF:4
LH:4
BRF:0
BRH:0
end_of_record
TN:
SF:models/StudentModel.js
FNF:0
FNH:0
DA:1,2
DA:4,2
DA:18,2
DA:20,2
LF:4
LH:4
BRF:0
BRH:0
end_of_record
TN:
SF:routers/CoursesRouter.js
FNF:0
FNH:0
DA:1,2
DA:2,2
DA:4,2
DA:6,2
DA:8,2
LF:5
LH:5
BRF:0
BRH:0
end_of_record
TN:
SF:routers/LoginRouter.js
FNF:0
FNH:0
DA:1,2
DA:2,2
DA:4,2
DA:7,2
DA:8,2
DA:9,2
DA:12,2
DA:13,2
DA:14,2
DA:17,2
LF:10
LH:10
BRF:0
BRH:0
end_of_record
TN:
SF:routers/TestRouter.js
FN:7,(anonymous_0)
FN:20,(anonymous_1)
FN:33,(anonymous_2)
FNF:3
FNH:3
FNDA:1,(anonymous_0)
FNDA:1,(anonymous_1)
FNDA:1,(anonymous_2)
DA:1,2
DA:2,2
DA:4,2
DA:7,2
DA:9,1
DA:10,0
DA:13,1
DA:20,2
DA:22,1
DA:23,0
DA:24,0
DA:27,1
DA:33,2
DA:35,1
DA:37,1
DA:41,2
LF:16
LH:13
BRDA:9,0,0,0
BRDA:9,0,1,1
BRDA:22,1,0,0
BRDA:22,1,1,1
BRF:4
BRH:2
end_of_record
